<!DOCTYPE html PUBLIC "-//W3C//DTD XHTML 1.1//EN" "https://www.w3.org/TR/xhtml11/DTD/xhtml11.dtd">
<html xmlns="https://www.w3.org/1999/xhtml">
<head>
<meta http-equiv="content-type" content="text/html; charset=UTF-8"/>
<title>TestNG Report</title>
<style type="text/css">table {margin-bottom:10px;border-collapse:collapse;empty-cells:show}th,td {border:1px solid #009;padding:.25em .5em}th {vertical-align:bottom}td {vertical-align:top}table a {font-weight:bold}.stripe td {background-color: #E6EBF9}.num {text-align:right}.passedodd td {background-color: #3F3}.passedeven td {background-color: #0A0}.skippedodd td {background-color: #DDD}.skippedeven td {background-color: #CCC}.failedodd td,.attn {background-color: #F33}.failedeven td,.stripe .attn {background-color: #D00}.stacktrace {white-space:pre;font-family:monospace}.totop {font-size:85%;text-align:center;border-bottom:2px solid #000}.invisible {display:none}</style>
</head>
<body>
<table>
<tr><th>Test</th><th># Passed</th><th># Skipped</th><th># Retried</th><th># Failed</th><th>Time (ms)</th><th>Included Groups</th><th>Excluded Groups</th></tr>
<tr><th colspan="8">Suite</th></tr>
<tr><td><a href="#t0">Test</a></td><td class="num">12</td><td class="num attn">2</td><td class="num">0</td><td class="num">0</td><td class="num">314,574</td><td></td><td></td></tr>
</table>
<table id='summary'><thead><tr><th>Class</th><th>Method</th><th>Start</th><th>Time (ms)</th></tr></thead><tbody><tr><th colspan="4">Suite</th></tr></tbody><tbody id="t0"><tr><th colspan="4">Test &#8212; failed (configuration methods)</th></tr><tr class="failedeven"><td rowspan="1">SleniumPackage1.SeleniumProject11.CheckOut_Amazon</td><td><a href="#m0">Launch</a></td><td rowspan="1">1730900328491</td><td rowspan="1">7629</td></tr><tr class="failedodd"><td rowspan="1">SleniumPackage1.SeleniumProject11.EditProfile_Amazon</td><td><a href="#m1">Launch</a></td><td rowspan="1">1730900322446</td><td rowspan="1">5960</td></tr><tr><th colspan="4">Test &#8212; skipped (configuration methods)</th></tr><tr class="skippedeven"><td rowspan="1">SleniumPackage1.SeleniumProject11.CheckOut_Amazon</td><td><a href="#m2">quit</a></td><td rowspan="1">1730900336125</td><td rowspan="1">-1730900336125</td></tr><tr class="skippedodd"><td rowspan="1">SleniumPackage1.SeleniumProject11.EditProfile_Amazon</td><td><a href="#m3">quit</a></td><td rowspan="1">1730900328489</td><td rowspan="1">-1730900328489</td></tr><tr><th colspan="4">Test &#8212; skipped</th></tr><tr class="skippedeven"><td rowspan="1">SleniumPackage1.SeleniumProject11.CheckOut_Amazon</td><td><a href="#m4">Proceedtochekout</a></td><td rowspan="1">1730900336124</td><td rowspan="1">0</td></tr><tr class="skippedodd"><td rowspan="1">SleniumPackage1.SeleniumProject11.EditProfile_Amazon</td><td><a href="#m5">Edit</a></td><td rowspan="1">1730900328487</td><td rowspan="1">0</td></tr><tr><th colspan="4">Test &#8212; passed</th></tr><tr class="passedeven"><td rowspan="1">SleniumPackage1.SeleniumProject11.AddToCart_Amazon</td><td><a href="#m6">Addtocart</a></td><td rowspan="1">1730900081283</td><td rowspan="1">17449</td></tr><tr class="passedodd"><td rowspan="1">SleniumPackage1.SeleniumProject11.Coupon_Amazon</td><td><a href="#m7">Coupon</a></td><td rowspan="1">1730900041113</td><td rowspan="1">35150</td></tr><tr class="passedeven"><td rowspan="1">SleniumPackage1.SeleniumProject11.Filters_Amazon</td><td><a href="#m8">Filter</a></td><td rowspan="1">1730900219733</td><td rowspan="1">23273</td></tr><tr class="passedodd"><td rowspan="1">SleniumPackage1.SeleniumProject11.HomePage_Amazon</td><td><a href="#m9">HomePage</a></td><td rowspan="1">1730900269242</td><td rowspan="1">1390</td></tr><tr class="passedeven"><td rowspan="1">SleniumPackage1.SeleniumProject11.Login_To_Amazon</td><td><a href="#m10">Login_Amazon</a></td><td rowspan="1">1730900341177</td><td rowspan="1">5531</td></tr><tr class="passedodd"><td rowspan="1">SleniumPackage1.SeleniumProject11.OrderRating_Amazon</td><td><a href="#m11">RatingOnOrder</a></td><td rowspan="1">1730900307624</td><td rowspan="1">14586</td></tr><tr class="passedeven"><td rowspan="1">SleniumPackage1.SeleniumProject11.PaymentSelectionPage_Amazon</td><td><a href="#m12">Payment</a></td><td rowspan="1">1730900126472</td><td rowspan="1">39932</td></tr><tr class="passedodd"><td rowspan="1">SleniumPackage1.SeleniumProject11.ProductDetails_Amazon</td><td><a href="#m13">Product_Details</a></td><td rowspan="1">1730900250800</td><td rowspan="1">12281</td></tr><tr class="passedeven"><td rowspan="1">SleniumPackage1.SeleniumProject11.Reachtocart_Amazon</td><td><a href="#m14">Reach_without_Login</a></td><td rowspan="1">1730900196374</td><td rowspan="1">14189</td></tr><tr class="passedodd"><td rowspan="1">SleniumPackage1.SeleniumProject11.SearchProduct_Amazon</td><td><a href="#m15">Search</a></td><td rowspan="1">1730900106212</td><td rowspan="1">5162</td></tr><tr class="passedeven"><td rowspan="1">SleniumPackage1.SeleniumProject11.Sorting_Amzon</td><td><a href="#m16">SortingTheProduct</a></td><td rowspan="1">1730900279089</td><td rowspan="1">19051</td></tr><tr class="passedodd"><td rowspan="1">SleniumPackage1.SeleniumProject11.UpdatingItemQuantity</td><td><a href="#m17">UpdateItem</a></td><td rowspan="1">1730900170708</td><td rowspan="1">19386</td></tr></tbody>
</table>
<h2>Test</h2><h3 id="m0">SleniumPackage1.SeleniumProject11.CheckOut_Amazon#Launch</h3><table class="result"><tr><th>Exception</th></tr><tr><td><div class="stacktrace">org.openqa.selenium.SessionNotCreatedException: Could not start a new session. Possible causes are invalid address of the remote server or browser start-up failure. 
Host info: host: &apos;PRIYA&apos;, ip: &apos;192.168.1.110&apos;
Build info: version: &apos;4.25.0&apos;, revision: &apos;8a8aea2337&apos;
System info: os.name: &apos;Windows 11&apos;, os.arch: &apos;amd64&apos;, os.version: &apos;10.0&apos;, java.version: &apos;22.0.2&apos;
Driver info: org.openqa.selenium.chrome.ChromeDriver
Command: [null, newSession {capabilities=[Capabilities {browserName: chrome, goog:chromeOptions: {args: [], binary: C:\Program Files\Google\Chr..., extensions: []}}]}]
	at org.openqa.selenium.remote.RemoteWebDriver.execute(RemoteWebDriver.java:563)
	at org.openqa.selenium.remote.RemoteWebDriver.startSession(RemoteWebDriver.java:245)
	at org.openqa.selenium.remote.RemoteWebDriver.&lt;init&gt;(RemoteWebDriver.java:174)
	at org.openqa.selenium.chromium.ChromiumDriver.&lt;init&gt;(ChromiumDriver.java:114)
	at org.openqa.selenium.chrome.ChromeDriver.&lt;init&gt;(ChromeDriver.java:88)
	at org.openqa.selenium.chrome.ChromeDriver.&lt;init&gt;(ChromeDriver.java:83)
	at org.openqa.selenium.chrome.ChromeDriver.&lt;init&gt;(ChromeDriver.java:51)
	at SleniumPackage1.SeleniumProject11.Launch_Quit.Launch(Launch_Quit.java:23)
	at java.base/java.util.ArrayList.forEach(ArrayList.java:1597)
Caused by: java.io.UncheckedIOException: java.io.IOException: HTTP/1.1 header parser received no bytes
	at org.openqa.selenium.remote.http.jdk.JdkHttpClient.execute0(JdkHttpClient.java:458)
	at org.openqa.selenium.remote.http.AddSeleniumUserAgent.lambda$apply$0(AddSeleniumUserAgent.java:42)
	at org.openqa.selenium.remote.http.Filter.lambda$andFinally$1(Filter.java:55)
	at org.openqa.selenium.remote.http.jdk.JdkHttpClient.execute(JdkHttpClient.java:374)
	at org.openqa.selenium.remote.ProtocolHandshake.createSession(ProtocolHandshake.java:89)
	at org.openqa.selenium.remote.ProtocolHandshake.createSession(ProtocolHandshake.java:75)
	at org.openqa.selenium.remote.ProtocolHandshake.createSession(ProtocolHandshake.java:61)
	at org.openqa.selenium.remote.HttpCommandExecutor.execute(HttpCommandExecutor.java:162)
	at org.openqa.selenium.remote.service.DriverCommandExecutor.invokeExecute(DriverCommandExecutor.java:216)
	at org.openqa.selenium.remote.service.DriverCommandExecutor.execute(DriverCommandExecutor.java:174)
	at org.openqa.selenium.remote.RemoteWebDriver.execute(RemoteWebDriver.java:545)
	... 41 more
Caused by: java.io.IOException: HTTP/1.1 header parser received no bytes
	at java.net.http/jdk.internal.net.http.common.Utils.wrapWithExtraDetail(Utils.java:440)
	at java.net.http/jdk.internal.net.http.Http1Response$HeadersReader.onReadError(Http1Response.java:590)
	at java.net.http/jdk.internal.net.http.Http1AsyncReceiver.checkForErrors(Http1AsyncReceiver.java:302)
	at java.net.http/jdk.internal.net.http.Http1AsyncReceiver.flush(Http1AsyncReceiver.java:268)
	at java.net.http/jdk.internal.net.http.common.SequentialScheduler$LockingRestartableTask.run(SequentialScheduler.java:182)
	at java.net.http/jdk.internal.net.http.common.SequentialScheduler$CompleteRestartableTask.run(SequentialScheduler.java:149)
	at java.net.http/jdk.internal.net.http.common.SequentialScheduler$SchedulableTask.run(SequentialScheduler.java:207)
	at java.base/java.util.concurrent.ThreadPoolExecutor.runWorker(ThreadPoolExecutor.java:1144)
	at java.base/java.util.concurrent.ThreadPoolExecutor$Worker.run(ThreadPoolExecutor.java:642)
	at java.base/java.lang.Thread.run(Thread.java:1570)
Caused by: java.net.SocketException: Connection reset
	at java.base/sun.nio.ch.SocketChannelImpl.throwConnectionReset(SocketChannelImpl.java:403)
	at java.base/sun.nio.ch.SocketChannelImpl.implRead(SocketChannelImpl.java:435)
	at java.base/sun.nio.ch.SocketChannelImpl.read(SocketChannelImpl.java:493)
	at java.net.http/jdk.internal.net.http.SocketTube.readAvailable(SocketTube.java:1178)
	at java.net.http/jdk.internal.net.http.SocketTube$InternalReadPublisher$InternalReadSubscription.read(SocketTube.java:841)
	at java.net.http/jdk.internal.net.http.SocketTube$SocketFlowTask.run(SocketTube.java:181)
	at java.net.http/jdk.internal.net.http.common.SequentialScheduler$SchedulableTask.run(SequentialScheduler.java:207)
	at java.net.http/jdk.internal.net.http.common.SequentialScheduler.runOrSchedule(SequentialScheduler.java:280)
	at java.net.http/jdk.internal.net.http.common.SequentialScheduler.runOrSchedule(SequentialScheduler.java:233)
	at java.net.http/jdk.internal.net.http.SocketTube$InternalReadPublisher$InternalReadSubscription.signalReadable(SocketTube.java:782)
	at java.net.http/jdk.internal.net.http.SocketTube$InternalReadPublisher$ReadEvent.signalEvent(SocketTube.java:965)
	at java.net.http/jdk.internal.net.http.SocketTube$SocketFlowEvent.handle(SocketTube.java:253)
	at java.net.http/jdk.internal.net.http.HttpClientImpl$SelectorManager.handleEvent(HttpClientImpl.java:1476)
	at java.net.http/jdk.internal.net.http.HttpClientImpl$SelectorManager.lambda$run$3(HttpClientImpl.java:1421)
	at java.base/java.util.ArrayList.forEach(ArrayList.java:1597)
	at java.net.http/jdk.internal.net.http.HttpClientImpl$SelectorManager.run(HttpClientImpl.java:1421)
... Removed 33 stack frames</div></td></tr></table><p class="totop"><a href="#summary">back to summary</a></p>
<h3 id="m1">SleniumPackage1.SeleniumProject11.EditProfile_Amazon#Launch</h3><table class="result"><tr><th>Exception</th></tr><tr><td><div class="stacktrace">org.openqa.selenium.WebDriverException: target frame detached: received Inspector.detached event
  (Session info: chrome=130.0.6723.92)
Build info: version: &apos;4.25.0&apos;, revision: &apos;8a8aea2337&apos;
System info: os.name: &apos;Windows 11&apos;, os.arch: &apos;amd64&apos;, os.version: &apos;10.0&apos;, java.version: &apos;22.0.2&apos;
Driver info: org.openqa.selenium.chrome.ChromeDriver
Command: [95ea99df668748758cdc783e23f895c3, get {url=https://www.Amazon.in/}]
Capabilities {acceptInsecureCerts: false, browserName: chrome, browserVersion: 130.0.6723.92, chrome: {chromedriverVersion: 130.0.6723.93 (dbcf0550c05e..., userDataDir: C:\Users\priya\AppData\Loca...}, fedcm:accounts: true, goog:chromeOptions: {debuggerAddress: localhost:53800}, networkConnectionEnabled: false, pageLoadStrategy: normal, platformName: windows, proxy: Proxy(), se:cdp: ws://localhost:53800/devtoo..., se:cdpVersion: 130.0.6723.92, setWindowRect: true, strictFileInteractability: false, timeouts: {implicit: 0, pageLoad: 300000, script: 30000}, unhandledPromptBehavior: dismiss and notify, webauthn:extension:credBlob: true, webauthn:extension:largeBlob: true, webauthn:extension:minPinLength: true, webauthn:extension:prf: true, webauthn:virtualAuthenticators: true}
Session ID: 95ea99df668748758cdc783e23f895c3
	at org.openqa.selenium.remote.ErrorCodec.decode(ErrorCodec.java:167)
	at org.openqa.selenium.remote.codec.w3c.W3CHttpResponseCodec.decode(W3CHttpResponseCodec.java:138)
	at org.openqa.selenium.remote.codec.w3c.W3CHttpResponseCodec.decode(W3CHttpResponseCodec.java:50)
	at org.openqa.selenium.remote.HttpCommandExecutor.execute(HttpCommandExecutor.java:190)
	at org.openqa.selenium.remote.service.DriverCommandExecutor.invokeExecute(DriverCommandExecutor.java:216)
	at org.openqa.selenium.remote.service.DriverCommandExecutor.execute(DriverCommandExecutor.java:174)
	at org.openqa.selenium.remote.RemoteWebDriver.execute(RemoteWebDriver.java:545)
	at org.openqa.selenium.remote.RemoteWebDriver.get(RemoteWebDriver.java:313)
	at SleniumPackage1.SeleniumProject11.Launch_Quit.Launch(Launch_Quit.java:24)
	at java.base/java.util.ArrayList.forEach(ArrayList.java:1597)
... Removed 36 stack frames</div></td></tr></table><p class="totop"><a href="#summary">back to summary</a></p>
<h3 id="m2">SleniumPackage1.SeleniumProject11.CheckOut_Amazon#quit</h3><table class="result"><tr><th class="invisible"/></tr></table><p class="totop"><a href="#summary">back to summary</a></p>
<h3 id="m3">SleniumPackage1.SeleniumProject11.EditProfile_Amazon#quit</h3><table class="result"><tr><th class="invisible"/></tr></table><p class="totop"><a href="#summary">back to summary</a></p>
<h3 id="m4">SleniumPackage1.SeleniumProject11.CheckOut_Amazon#Proceedtochekout</h3><table class="result"><tr><th>Exception</th></tr><tr><td><div class="stacktrace">org.openqa.selenium.SessionNotCreatedException: Could not start a new session. Possible causes are invalid address of the remote server or browser start-up failure. 
Host info: host: &apos;PRIYA&apos;, ip: &apos;192.168.1.110&apos;
Build info: version: &apos;4.25.0&apos;, revision: &apos;8a8aea2337&apos;
System info: os.name: &apos;Windows 11&apos;, os.arch: &apos;amd64&apos;, os.version: &apos;10.0&apos;, java.version: &apos;22.0.2&apos;
Driver info: org.openqa.selenium.chrome.ChromeDriver
Command: [null, newSession {capabilities=[Capabilities {browserName: chrome, goog:chromeOptions: {args: [], binary: C:\Program Files\Google\Chr..., extensions: []}}]}]
	at org.openqa.selenium.remote.RemoteWebDriver.execute(RemoteWebDriver.java:563)
	at org.openqa.selenium.remote.RemoteWebDriver.startSession(RemoteWebDriver.java:245)
	at org.openqa.selenium.remote.RemoteWebDriver.&lt;init&gt;(RemoteWebDriver.java:174)
	at org.openqa.selenium.chromium.ChromiumDriver.&lt;init&gt;(ChromiumDriver.java:114)
	at org.openqa.selenium.chrome.ChromeDriver.&lt;init&gt;(ChromeDriver.java:88)
	at org.openqa.selenium.chrome.ChromeDriver.&lt;init&gt;(ChromeDriver.java:83)
	at org.openqa.selenium.chrome.ChromeDriver.&lt;init&gt;(ChromeDriver.java:51)
	at SleniumPackage1.SeleniumProject11.Launch_Quit.Launch(Launch_Quit.java:23)
	at java.base/java.util.ArrayList.forEach(ArrayList.java:1597)
Caused by: java.io.UncheckedIOException: java.io.IOException: HTTP/1.1 header parser received no bytes
	at org.openqa.selenium.remote.http.jdk.JdkHttpClient.execute0(JdkHttpClient.java:458)
	at org.openqa.selenium.remote.http.AddSeleniumUserAgent.lambda$apply$0(AddSeleniumUserAgent.java:42)
	at org.openqa.selenium.remote.http.Filter.lambda$andFinally$1(Filter.java:55)
	at org.openqa.selenium.remote.http.jdk.JdkHttpClient.execute(JdkHttpClient.java:374)
	at org.openqa.selenium.remote.ProtocolHandshake.createSession(ProtocolHandshake.java:89)
	at org.openqa.selenium.remote.ProtocolHandshake.createSession(ProtocolHandshake.java:75)
	at org.openqa.selenium.remote.ProtocolHandshake.createSession(ProtocolHandshake.java:61)
	at org.openqa.selenium.remote.HttpCommandExecutor.execute(HttpCommandExecutor.java:162)
	at org.openqa.selenium.remote.service.DriverCommandExecutor.invokeExecute(DriverCommandExecutor.java:216)
	at org.openqa.selenium.remote.service.DriverCommandExecutor.execute(DriverCommandExecutor.java:174)
	at org.openqa.selenium.remote.RemoteWebDriver.execute(RemoteWebDriver.java:545)
	... 41 more
Caused by: java.io.IOException: HTTP/1.1 header parser received no bytes
	at java.net.http/jdk.internal.net.http.common.Utils.wrapWithExtraDetail(Utils.java:440)
	at java.net.http/jdk.internal.net.http.Http1Response$HeadersReader.onReadError(Http1Response.java:590)
	at java.net.http/jdk.internal.net.http.Http1AsyncReceiver.checkForErrors(Http1AsyncReceiver.java:302)
	at java.net.http/jdk.internal.net.http.Http1AsyncReceiver.flush(Http1AsyncReceiver.java:268)
	at java.net.http/jdk.internal.net.http.common.SequentialScheduler$LockingRestartableTask.run(SequentialScheduler.java:182)
	at java.net.http/jdk.internal.net.http.common.SequentialScheduler$CompleteRestartableTask.run(SequentialScheduler.java:149)
	at java.net.http/jdk.internal.net.http.common.SequentialScheduler$SchedulableTask.run(SequentialScheduler.java:207)
	at java.base/java.util.concurrent.ThreadPoolExecutor.runWorker(ThreadPoolExecutor.java:1144)
	at java.base/java.util.concurrent.ThreadPoolExecutor$Worker.run(ThreadPoolExecutor.java:642)
	at java.base/java.lang.Thread.run(Thread.java:1570)
Caused by: java.net.SocketException: Connection reset
	at java.base/sun.nio.ch.SocketChannelImpl.throwConnectionReset(SocketChannelImpl.java:403)
	at java.base/sun.nio.ch.SocketChannelImpl.implRead(SocketChannelImpl.java:435)
	at java.base/sun.nio.ch.SocketChannelImpl.read(SocketChannelImpl.java:493)
	at java.net.http/jdk.internal.net.http.SocketTube.readAvailable(SocketTube.java:1178)
	at java.net.http/jdk.internal.net.http.SocketTube$InternalReadPublisher$InternalReadSubscription.read(SocketTube.java:841)
	at java.net.http/jdk.internal.net.http.SocketTube$SocketFlowTask.run(SocketTube.java:181)
	at java.net.http/jdk.internal.net.http.common.SequentialScheduler$SchedulableTask.run(SequentialScheduler.java:207)
	at java.net.http/jdk.internal.net.http.common.SequentialScheduler.runOrSchedule(SequentialScheduler.java:280)
	at java.net.http/jdk.internal.net.http.common.SequentialScheduler.runOrSchedule(SequentialScheduler.java:233)
	at java.net.http/jdk.internal.net.http.SocketTube$InternalReadPublisher$InternalReadSubscription.signalReadable(SocketTube.java:782)
	at java.net.http/jdk.internal.net.http.SocketTube$InternalReadPublisher$ReadEvent.signalEvent(SocketTube.java:965)
	at java.net.http/jdk.internal.net.http.SocketTube$SocketFlowEvent.handle(SocketTube.java:253)
	at java.net.http/jdk.internal.net.http.HttpClientImpl$SelectorManager.handleEvent(HttpClientImpl.java:1476)
	at java.net.http/jdk.internal.net.http.HttpClientImpl$SelectorManager.lambda$run$3(HttpClientImpl.java:1421)
	at java.base/java.util.ArrayList.forEach(ArrayList.java:1597)
	at java.net.http/jdk.internal.net.http.HttpClientImpl$SelectorManager.run(HttpClientImpl.java:1421)
... Removed 33 stack frames</div></td></tr></table><p class="totop"><a href="#summary">back to summary</a></p>
<h3 id="m5">SleniumPackage1.SeleniumProject11.EditProfile_Amazon#Edit</h3><table class="result"><tr><th>Exception</th></tr><tr><td><div class="stacktrace">org.openqa.selenium.WebDriverException: target frame detached: received Inspector.detached event
  (Session info: chrome=130.0.6723.92)
Build info: version: &apos;4.25.0&apos;, revision: &apos;8a8aea2337&apos;
System info: os.name: &apos;Windows 11&apos;, os.arch: &apos;amd64&apos;, os.version: &apos;10.0&apos;, java.version: &apos;22.0.2&apos;
Driver info: org.openqa.selenium.chrome.ChromeDriver
Command: [95ea99df668748758cdc783e23f895c3, get {url=https://www.Amazon.in/}]
Capabilities {acceptInsecureCerts: false, browserName: chrome, browserVersion: 130.0.6723.92, chrome: {chromedriverVersion: 130.0.6723.93 (dbcf0550c05e..., userDataDir: C:\Users\priya\AppData\Loca...}, fedcm:accounts: true, goog:chromeOptions: {debuggerAddress: localhost:53800}, networkConnectionEnabled: false, pageLoadStrategy: normal, platformName: windows, proxy: Proxy(), se:cdp: ws://localhost:53800/devtoo..., se:cdpVersion: 130.0.6723.92, setWindowRect: true, strictFileInteractability: false, timeouts: {implicit: 0, pageLoad: 300000, script: 30000}, unhandledPromptBehavior: dismiss and notify, webauthn:extension:credBlob: true, webauthn:extension:largeBlob: true, webauthn:extension:minPinLength: true, webauthn:extension:prf: true, webauthn:virtualAuthenticators: true}
Session ID: 95ea99df668748758cdc783e23f895c3
	at org.openqa.selenium.remote.ErrorCodec.decode(ErrorCodec.java:167)
	at org.openqa.selenium.remote.codec.w3c.W3CHttpResponseCodec.decode(W3CHttpResponseCodec.java:138)
	at org.openqa.selenium.remote.codec.w3c.W3CHttpResponseCodec.decode(W3CHttpResponseCodec.java:50)
	at org.openqa.selenium.remote.HttpCommandExecutor.execute(HttpCommandExecutor.java:190)
	at org.openqa.selenium.remote.service.DriverCommandExecutor.invokeExecute(DriverCommandExecutor.java:216)
	at org.openqa.selenium.remote.service.DriverCommandExecutor.execute(DriverCommandExecutor.java:174)
	at org.openqa.selenium.remote.RemoteWebDriver.execute(RemoteWebDriver.java:545)
	at org.openqa.selenium.remote.RemoteWebDriver.get(RemoteWebDriver.java:313)
	at SleniumPackage1.SeleniumProject11.Launch_Quit.Launch(Launch_Quit.java:24)
	at java.base/java.util.ArrayList.forEach(ArrayList.java:1597)
... Removed 36 stack frames</div></td></tr></table><p class="totop"><a href="#summary">back to summary</a></p>
<h3 id="m6">SleniumPackage1.SeleniumProject11.AddToCart_Amazon#Addtocart</h3><table class="result"><tr><th>Messages</th></tr><tr><td><div class="messages">Test case is pass</div></td></tr></table><p class="totop"><a href="#summary">back to summary</a></p>
<h3 id="m7">SleniumPackage1.SeleniumProject11.Coupon_Amazon#Coupon</h3><table class="result"><tr><th>Messages</th></tr><tr><td><div class="messages">Test case is pass</div></td></tr></table><p class="totop"><a href="#summary">back to summary</a></p>
<h3 id="m8">SleniumPackage1.SeleniumProject11.Filters_Amazon#Filter</h3><table class="result"><tr><th>Messages</th></tr><tr><td><div class="messages">Test case is pass</div></td></tr></table><p class="totop"><a href="#summary">back to summary</a></p>
<h3 id="m9">SleniumPackage1.SeleniumProject11.HomePage_Amazon#HomePage</h3><table class="result"><tr><th>Messages</th></tr><tr><td><div class="messages">Test case is pass</div></td></tr></table><p class="totop"><a href="#summary">back to summary</a></p>
<h3 id="m10">SleniumPackage1.SeleniumProject11.Login_To_Amazon#Login_Amazon</h3><table class="result"><tr><th>Messages</th></tr><tr><td><div class="messages">Test case is pass</div></td></tr></table><p class="totop"><a href="#summary">back to summary</a></p>
<h3 id="m11">SleniumPackage1.SeleniumProject11.OrderRating_Amazon#RatingOnOrder</h3><table class="result"><tr><th>Messages</th></tr><tr><td><div class="messages">Test case is pass</div></td></tr></table><p class="totop"><a href="#summary">back to summary</a></p>
<h3 id="m12">SleniumPackage1.SeleniumProject11.PaymentSelectionPage_Amazon#Payment</h3><table class="result"><tr><th>Messages</th></tr><tr><td><div class="messages">Test case is pass</div></td></tr></table><p class="totop"><a href="#summary">back to summary</a></p>
<h3 id="m13">SleniumPackage1.SeleniumProject11.ProductDetails_Amazon#Product_Details</h3><table class="result"><tr><th>Messages</th></tr><tr><td><div class="messages">Test case is pass</div></td></tr></table><p class="totop"><a href="#summary">back to summary</a></p>
<h3 id="m14">SleniumPackage1.SeleniumProject11.Reachtocart_Amazon#Reach_without_Login</h3><table class="result"><tr><th>Messages</th></tr><tr><td><div class="messages">Test case is pass</div></td></tr></table><p class="totop"><a href="#summary">back to summary</a></p>
<h3 id="m15">SleniumPackage1.SeleniumProject11.SearchProduct_Amazon#Search</h3><table class="result"><tr><th>Messages</th></tr><tr><td><div class="messages">Test case is pass</div></td></tr></table><p class="totop"><a href="#summary">back to summary</a></p>
<h3 id="m16">SleniumPackage1.SeleniumProject11.Sorting_Amzon#SortingTheProduct</h3><table class="result"><tr><th>Messages</th></tr><tr><td><div class="messages">Test case is pass</div></td></tr></table><p class="totop"><a href="#summary">back to summary</a></p>
<h3 id="m17">SleniumPackage1.SeleniumProject11.UpdatingItemQuantity#UpdateItem</h3><table class="result"><tr><th>Messages</th></tr><tr><td><div class="messages">Test case is pass</div></td></tr></table><p class="totop"><a href="#summary">back to summary</a></p>
</body>
</html>
